<?xml version="1.0" encoding="UTF-8"?>
<!-- Generated by org.testng.reporters.JUnitReportReporter -->
<testsuite hostname="MWDH-Work2" failures="0" tests="1" name="ass4W11D3.AlertsinAndroidTesting.TestAss4W11D3" time="6.706" errors="0" timestamp="2022-08-22T20:08:26 AST" skipped="0">
  <testcase classname="ass4W11D3.AlertsinAndroidTesting.TestAss4W11D3" name="sendKeyTest" time="6.706"/>
  <system-out/>
</testsuite> <!-- ass4W11D3.AlertsinAndroidTesting.TestAss4W11D3 -->
